[2014-10-03 05:29:17] production.ERROR: exception 'Symfony\Component\HttpKernel\Exception\NotFoundHttpException' in F:\Dropbox\http\blog-laravel\bootstrap\compiled.php:5702
Stack trace:
#0 F:\Dropbox\http\blog-laravel\bootstrap\compiled.php(5019): Illuminate\Routing\RouteCollection->match(Object(Illuminate\Http\Request))
#1 F:\Dropbox\http\blog-laravel\bootstrap\compiled.php(5007): Illuminate\Routing\Router->findRoute(Object(Illuminate\Http\Request))
#2 F:\Dropbox\http\blog-laravel\bootstrap\compiled.php(4999): Illuminate\Routing\Router->dispatchToRoute(Object(Illuminate\Http\Request))
#3 F:\Dropbox\http\blog-laravel\bootstrap\compiled.php(722): Illuminate\Routing\Router->dispatch(Object(Illuminate\Http\Request))
#4 F:\Dropbox\http\blog-laravel\bootstrap\compiled.php(703): Illuminate\Foundation\Application->dispatch(Object(Illuminate\Http\Request))
#5 F:\Dropbox\http\blog-laravel\bootstrap\compiled.php(7763): Illuminate\Foundation\Application->handle(Object(Illuminate\Http\Request), 1, true)
#6 F:\Dropbox\http\blog-laravel\bootstrap\compiled.php(8370): Illuminate\Session\Middleware->handle(Object(Illuminate\Http\Request), 1, true)
#7 F:\Dropbox\http\blog-laravel\bootstrap\compiled.php(8317): Illuminate\Cookie\Queue->handle(Object(Illuminate\Http\Request), 1, true)
#8 F:\Dropbox\http\blog-laravel\bootstrap\compiled.php(10974): Illuminate\Cookie\Guard->handle(Object(Illuminate\Http\Request), 1, true)
#9 F:\Dropbox\http\blog-laravel\bootstrap\compiled.php(664): Stack\StackedHttpKernel->handle(Object(Illuminate\Http\Request))
#10 F:\Dropbox\http\blog-laravel\public\index.php(49): Illuminate\Foundation\Application->run()
#11 {main} [] []
[2014-10-03 05:31:44] production.ERROR: exception 'Symfony\Component\Debug\Exception\FatalErrorException' with message 'syntax error, unexpected end of file' in F:\Dropbox\http\blog-laravel\app\routes.php:21
Stack trace:
#0 [internal function]: Illuminate\Exception\Handler->handleShutdown()
#1 {main} [] []
[2014-10-03 05:31:45] production.ERROR: exception 'Symfony\Component\Debug\Exception\FatalErrorException' with message 'syntax error, unexpected end of file' in F:\Dropbox\http\blog-laravel\app\routes.php:21
Stack trace:
#0 [internal function]: Illuminate\Exception\Handler->handleShutdown()
#1 {main} [] []
[2014-10-03 05:31:48] production.ERROR: exception 'Symfony\Component\Debug\Exception\FatalErrorException' with message 'syntax error, unexpected end of file' in F:\Dropbox\http\blog-laravel\app\routes.php:21
Stack trace:
#0 [internal function]: Illuminate\Exception\Handler->handleShutdown()
#1 {main} [] []
[2014-10-03 05:36:02] production.ERROR: exception 'Symfony\Component\Debug\Exception\FatalErrorException' with message 'syntax error, unexpected end of file' in F:\Dropbox\http\blog-laravel\app\routes.php:21
Stack trace:
#0 [internal function]: Illuminate\Exception\Handler->handleShutdown()
#1 {main} [] []
[2014-10-05 12:54:39] production.ERROR: exception 'Symfony\Component\Debug\Exception\FatalErrorException' with message 'syntax error, unexpected end of file' in /home/vdanh/Dropbox/http/blog-laravel/app/routes.php:21
Stack trace:
#0 [internal function]: Illuminate\Exception\Handler->handleShutdown()
#1 {main} [] []
[2014-10-05 12:54:42] production.ERROR: exception 'Symfony\Component\Debug\Exception\FatalErrorException' with message 'syntax error, unexpected end of file' in /home/vdanh/Dropbox/http/blog-laravel/app/routes.php:21
Stack trace:
#0 [internal function]: Illuminate\Exception\Handler->handleShutdown()
#1 {main} [] []
[2014-10-05 12:55:42] production.ERROR: exception 'Symfony\Component\Debug\Exception\FatalErrorException' with message 'syntax error, unexpected end of file' in /home/vdanh/Dropbox/http/blog-laravel/app/routes.php:21
Stack trace:
#0 [internal function]: Illuminate\Exception\Handler->handleShutdown()
#1 {main} [] []
[2014-10-05 13:30:27] production.ERROR: exception 'Symfony\Component\HttpKernel\Exception\NotFoundHttpException' in /home/vdanh/Dropbox/http/blog-laravel/bootstrap/compiled.php:5702
Stack trace:
#0 /home/vdanh/Dropbox/http/blog-laravel/bootstrap/compiled.php(5019): Illuminate\Routing\RouteCollection->match(Object(Illuminate\Http\Request))
#1 /home/vdanh/Dropbox/http/blog-laravel/bootstrap/compiled.php(5007): Illuminate\Routing\Router->findRoute(Object(Illuminate\Http\Request))
#2 /home/vdanh/Dropbox/http/blog-laravel/bootstrap/compiled.php(4999): Illuminate\Routing\Router->dispatchToRoute(Object(Illuminate\Http\Request))
#3 /home/vdanh/Dropbox/http/blog-laravel/bootstrap/compiled.php(722): Illuminate\Routing\Router->dispatch(Object(Illuminate\Http\Request))
#4 /home/vdanh/Dropbox/http/blog-laravel/bootstrap/compiled.php(703): Illuminate\Foundation\Application->dispatch(Object(Illuminate\Http\Request))
#5 /home/vdanh/Dropbox/http/blog-laravel/bootstrap/compiled.php(7763): Illuminate\Foundation\Application->handle(Object(Illuminate\Http\Request), 1, true)
#6 /home/vdanh/Dropbox/http/blog-laravel/bootstrap/compiled.php(8370): Illuminate\Session\Middleware->handle(Object(Illuminate\Http\Request), 1, true)
#7 /home/vdanh/Dropbox/http/blog-laravel/bootstrap/compiled.php(8317): Illuminate\Cookie\Queue->handle(Object(Illuminate\Http\Request), 1, true)
#8 /home/vdanh/Dropbox/http/blog-laravel/bootstrap/compiled.php(10974): Illuminate\Cookie\Guard->handle(Object(Illuminate\Http\Request), 1, true)
#9 /home/vdanh/Dropbox/http/blog-laravel/bootstrap/compiled.php(664): Stack\StackedHttpKernel->handle(Object(Illuminate\Http\Request))
#10 /home/vdanh/Dropbox/http/blog-laravel/public/index.php(49): Illuminate\Foundation\Application->run()
#11 {main} [] []
[2014-10-06 00:04:55] production.ERROR: exception 'Symfony\Component\Debug\Exception\FatalErrorException' with message 'syntax error, unexpected '=>' (T_DOUBLE_ARROW)' in F:\Dropbox\http\blog-laravel\app\routes.php:46
Stack trace:
#0 [internal function]: Illuminate\Exception\Handler->handleShutdown()
#1 {main} [] []
[2014-10-06 00:05:04] production.ERROR: exception 'Symfony\Component\Debug\Exception\FatalErrorException' with message 'syntax error, unexpected '=>' (T_DOUBLE_ARROW)' in F:\Dropbox\http\blog-laravel\app\routes.php:46
Stack trace:
#0 [internal function]: Illuminate\Exception\Handler->handleShutdown()
#1 {main} [] []
[2014-10-06 00:05:37] production.ERROR: exception 'Symfony\Component\Debug\Exception\FatalErrorException' with message 'syntax error, unexpected end of file' in F:\Dropbox\http\blog-laravel\app\routes.php:49
Stack trace:
#0 [internal function]: Illuminate\Exception\Handler->handleShutdown()
#1 {main} [] []
[2014-10-06 00:05:43] production.ERROR: exception 'Symfony\Component\Debug\Exception\FatalErrorException' with message 'syntax error, unexpected end of file' in F:\Dropbox\http\blog-laravel\app\routes.php:49
Stack trace:
#0 [internal function]: Illuminate\Exception\Handler->handleShutdown()
#1 {main} [] []
[2014-10-06 00:09:08] production.ERROR: exception 'ErrorException' with message 'Missing argument 1 for {closure}()' in F:\Dropbox\http\wireless\app\routes.php:23
Stack trace:
#0 F:\Dropbox\http\wireless\app\routes.php(23): Illuminate\Exception\Handler->handleError(2, 'Missing argumen...', 'F:\\Dropbox\\http...', 23, Array)
#1 [internal function]: {closure}()
#2 F:\Dropbox\http\wireless\bootstrap\compiled.php(5345): call_user_func_array(Object(Closure), Array)
#3 F:\Dropbox\http\wireless\bootstrap\compiled.php(5011): Illuminate\Routing\Route->run(Object(Illuminate\Http\Request))
#4 F:\Dropbox\http\wireless\bootstrap\compiled.php(4999): Illuminate\Routing\Router->dispatchToRoute(Object(Illuminate\Http\Request))
#5 F:\Dropbox\http\wireless\bootstrap\compiled.php(722): Illuminate\Routing\Router->dispatch(Object(Illuminate\Http\Request))
#6 F:\Dropbox\http\wireless\bootstrap\compiled.php(703): Illuminate\Foundation\Application->dispatch(Object(Illuminate\Http\Request))
#7 F:\Dropbox\http\wireless\bootstrap\compiled.php(7763): Illuminate\Foundation\Application->handle(Object(Illuminate\Http\Request), 1, true)
#8 F:\Dropbox\http\wireless\bootstrap\compiled.php(8370): Illuminate\Session\Middleware->handle(Object(Illuminate\Http\Request), 1, true)
#9 F:\Dropbox\http\wireless\bootstrap\compiled.php(8317): Illuminate\Cookie\Queue->handle(Object(Illuminate\Http\Request), 1, true)
#10 F:\Dropbox\http\wireless\bootstrap\compiled.php(10974): Illuminate\Cookie\Guard->handle(Object(Illuminate\Http\Request), 1, true)
#11 F:\Dropbox\http\wireless\bootstrap\compiled.php(664): Stack\StackedHttpKernel->handle(Object(Illuminate\Http\Request))
#12 F:\Dropbox\http\wireless\public\index.php(49): Illuminate\Foundation\Application->run()
#13 {main} [] []
[2014-10-08 10:23:35] production.ERROR: exception 'PDOException' with message 'SQLSTATE[42S02]: Base table or view not found: 1146 Table 'wireless.users' doesn't exist' in /home/vdanh/Dropbox/http/wireless/vendor/laravel/framework/src/Illuminate/Database/Connection.php:369
Stack trace:
#0 /home/vdanh/Dropbox/http/wireless/vendor/laravel/framework/src/Illuminate/Database/Connection.php(369): PDOStatement->execute(Array)
#1 /home/vdanh/Dropbox/http/wireless/vendor/laravel/framework/src/Illuminate/Database/Connection.php(617): Illuminate\Database\Connection->Illuminate\Database\{closure}(Object(Illuminate\Database\MySqlConnection), 'alter table `us...', Array)
#2 /home/vdanh/Dropbox/http/wireless/vendor/laravel/framework/src/Illuminate/Database/Connection.php(581): Illuminate\Database\Connection->runQueryCallback('alter table `us...', Array, Object(Closure))
#3 /home/vdanh/Dropbox/http/wireless/vendor/laravel/framework/src/Illuminate/Database/Connection.php(370): Illuminate\Database\Connection->run('alter table `us...', Array, Object(Closure))
#4 /home/vdanh/Dropbox/http/wireless/vendor/laravel/framework/src/Illuminate/Database/Schema/Blueprint.php(63): Illuminate\Database\Connection->statement('alter table `us...')
#5 /home/vdanh/Dropbox/http/wireless/vendor/laravel/framework/src/Illuminate/Database/Schema/Builder.php(169): Illuminate\Database\Schema\Blueprint->build(Object(Illuminate\Database\MySqlConnection), Object(Illuminate\Database\Schema\Grammars\MySqlGrammar))
#6 /home/vdanh/Dropbox/http/wireless/vendor/laravel/framework/src/Illuminate/Database/Schema/Builder.php(94): Illuminate\Database\Schema\Builder->build(Object(Illuminate\Database\Schema\Blueprint))
#7 /home/vdanh/Dropbox/http/wireless/vendor/laravel/framework/src/Illuminate/Support/Facades/Facade.php(211): Illuminate\Database\Schema\Builder->table('users', Object(Closure))
#8 /home/vdanh/Dropbox/http/wireless/app/database/migrations/2014_10_08_101609_create_users_table.php(22): Illuminate\Support\Facades\Facade::__callStatic('table', Array)
#9 /home/vdanh/Dropbox/http/wireless/app/database/migrations/2014_10_08_101609_create_users_table.php(22): Illuminate\Support\Facades\Schema::table('users', Object(Closure))
#10 /home/vdanh/Dropbox/http/wireless/vendor/laravel/framework/src/Illuminate/Database/Migrations/Migrator.php(135): CreateUsersTable->up()
#11 /home/vdanh/Dropbox/http/wireless/vendor/laravel/framework/src/Illuminate/Database/Migrations/Migrator.php(111): Illuminate\Database\Migrations\Migrator->runUp('2014_10_08_1016...', 1, false)
#12 /home/vdanh/Dropbox/http/wireless/vendor/laravel/framework/src/Illuminate/Database/Migrations/Migrator.php(82): Illuminate\Database\Migrations\Migrator->runMigrationList(Array, false)
#13 /home/vdanh/Dropbox/http/wireless/vendor/laravel/framework/src/Illuminate/Database/Console/Migrations/MigrateCommand.php(70): Illuminate\Database\Migrations\Migrator->run('/home/vdanh/Dro...', false)
#14 /home/vdanh/Dropbox/http/wireless/vendor/laravel/framework/src/Illuminate/Console/Command.php(112): Illuminate\Database\Console\Migrations\MigrateCommand->fire()
#15 /home/vdanh/Dropbox/http/wireless/vendor/symfony/console/Symfony/Component/Console/Command/Command.php(252): Illuminate\Console\Command->execute(Object(Symfony\Component\Console\Input\ArgvInput), Object(Symfony\Component\Console\Output\ConsoleOutput))
#16 /home/vdanh/Dropbox/http/wireless/vendor/laravel/framework/src/Illuminate/Console/Command.php(100): Symfony\Component\Console\Command\Command->run(Object(Symfony\Component\Console\Input\ArgvInput), Object(Symfony\Component\Console\Output\ConsoleOutput))
#17 /home/vdanh/Dropbox/http/wireless/vendor/symfony/console/Symfony/Component/Console/Application.php(889): Illuminate\Console\Command->run(Object(Symfony\Component\Console\Input\ArgvInput), Object(Symfony\Component\Console\Output\ConsoleOutput))
#18 /home/vdanh/Dropbox/http/wireless/vendor/symfony/console/Symfony/Component/Console/Application.php(193): Symfony\Component\Console\Application->doRunCommand(Object(Illuminate\Database\Console\Migrations\MigrateCommand), Object(Symfony\Component\Console\Input\ArgvInput), Object(Symfony\Component\Console\Output\ConsoleOutput))
#19 /home/vdanh/Dropbox/http/wireless/vendor/symfony/console/Symfony/Component/Console/Application.php(124): Symfony\Component\Console\Application->doRun(Object(Symfony\Component\Console\Input\ArgvInput), Object(Symfony\Component\Console\Output\ConsoleOutput))
#20 /home/vdanh/Dropbox/http/wireless/artisan(59): Symfony\Component\Console\Application->run()
#21 {main}

Next exception 'Illuminate\Database\QueryException' with message 'SQLSTATE[42S02]: Base table or view not found: 1146 Table 'wireless.users' doesn't exist (SQL: alter table `users` add `id` int unsigned not null auto_increment primary key, add `username` varchar(255) not null, add `name` varchar(255) not null, add `password` varchar(255) not null, add `created_at` timestamp default 0 not null, add `updated_at` timestamp default 0 not null)' in /home/vdanh/Dropbox/http/wireless/vendor/laravel/framework/src/Illuminate/Database/Connection.php:625
Stack trace:
#0 /home/vdanh/Dropbox/http/wireless/vendor/laravel/framework/src/Illuminate/Database/Connection.php(581): Illuminate\Database\Connection->runQueryCallback('alter table `us...', Array, Object(Closure))
#1 /home/vdanh/Dropbox/http/wireless/vendor/laravel/framework/src/Illuminate/Database/Connection.php(370): Illuminate\Database\Connection->run('alter table `us...', Array, Object(Closure))
#2 /home/vdanh/Dropbox/http/wireless/vendor/laravel/framework/src/Illuminate/Database/Schema/Blueprint.php(63): Illuminate\Database\Connection->statement('alter table `us...')
#3 /home/vdanh/Dropbox/http/wireless/vendor/laravel/framework/src/Illuminate/Database/Schema/Builder.php(169): Illuminate\Database\Schema\Blueprint->build(Object(Illuminate\Database\MySqlConnection), Object(Illuminate\Database\Schema\Grammars\MySqlGrammar))
#4 /home/vdanh/Dropbox/http/wireless/vendor/laravel/framework/src/Illuminate/Database/Schema/Builder.php(94): Illuminate\Database\Schema\Builder->build(Object(Illuminate\Database\Schema\Blueprint))
#5 /home/vdanh/Dropbox/http/wireless/vendor/laravel/framework/src/Illuminate/Support/Facades/Facade.php(211): Illuminate\Database\Schema\Builder->table('users', Object(Closure))
#6 /home/vdanh/Dropbox/http/wireless/app/database/migrations/2014_10_08_101609_create_users_table.php(22): Illuminate\Support\Facades\Facade::__callStatic('table', Array)
#7 /home/vdanh/Dropbox/http/wireless/app/database/migrations/2014_10_08_101609_create_users_table.php(22): Illuminate\Support\Facades\Schema::table('users', Object(Closure))
#8 /home/vdanh/Dropbox/http/wireless/vendor/laravel/framework/src/Illuminate/Database/Migrations/Migrator.php(135): CreateUsersTable->up()
#9 /home/vdanh/Dropbox/http/wireless/vendor/laravel/framework/src/Illuminate/Database/Migrations/Migrator.php(111): Illuminate\Database\Migrations\Migrator->runUp('2014_10_08_1016...', 1, false)
#10 /home/vdanh/Dropbox/http/wireless/vendor/laravel/framework/src/Illuminate/Database/Migrations/Migrator.php(82): Illuminate\Database\Migrations\Migrator->runMigrationList(Array, false)
#11 /home/vdanh/Dropbox/http/wireless/vendor/laravel/framework/src/Illuminate/Database/Console/Migrations/MigrateCommand.php(70): Illuminate\Database\Migrations\Migrator->run('/home/vdanh/Dro...', false)
#12 /home/vdanh/Dropbox/http/wireless/vendor/laravel/framework/src/Illuminate/Console/Command.php(112): Illuminate\Database\Console\Migrations\MigrateCommand->fire()
#13 /home/vdanh/Dropbox/http/wireless/vendor/symfony/console/Symfony/Component/Console/Command/Command.php(252): Illuminate\Console\Command->execute(Object(Symfony\Component\Console\Input\ArgvInput), Object(Symfony\Component\Console\Output\ConsoleOutput))
#14 /home/vdanh/Dropbox/http/wireless/vendor/laravel/framework/src/Illuminate/Console/Command.php(100): Symfony\Component\Console\Command\Command->run(Object(Symfony\Component\Console\Input\ArgvInput), Object(Symfony\Component\Console\Output\ConsoleOutput))
#15 /home/vdanh/Dropbox/http/wireless/vendor/symfony/console/Symfony/Component/Console/Application.php(889): Illuminate\Console\Command->run(Object(Symfony\Component\Console\Input\ArgvInput), Object(Symfony\Component\Console\Output\ConsoleOutput))
#16 /home/vdanh/Dropbox/http/wireless/vendor/symfony/console/Symfony/Component/Console/Application.php(193): Symfony\Component\Console\Application->doRunCommand(Object(Illuminate\Database\Console\Migrations\MigrateCommand), Object(Symfony\Component\Console\Input\ArgvInput), Object(Symfony\Component\Console\Output\ConsoleOutput))
#17 /home/vdanh/Dropbox/http/wireless/vendor/symfony/console/Symfony/Component/Console/Application.php(124): Symfony\Component\Console\Application->doRun(Object(Symfony\Component\Console\Input\ArgvInput), Object(Symfony\Component\Console\Output\ConsoleOutput))
#18 /home/vdanh/Dropbox/http/wireless/artisan(59): Symfony\Component\Console\Application->run()
#19 {main} [] []
[2014-10-08 10:26:40] production.ERROR: exception 'Symfony\Component\Debug\Exception\FatalErrorException' with message 'Call to undefined function table()' in /home/vdanh/Dropbox/http/wireless/app/database/seeds/UserTableSeeder.php:5
Stack trace:
#0 [internal function]: Illuminate\Exception\Handler->handleShutdown()
#1 {main} [] []
[2014-10-08 10:26:58] production.ERROR: exception 'PDOException' with message 'SQLSTATE[42S02]: Base table or view not found: 1146 Table 'wireless.users' doesn't exist' in /home/vdanh/Dropbox/http/wireless/vendor/laravel/framework/src/Illuminate/Database/Connection.php:369
Stack trace:
#0 /home/vdanh/Dropbox/http/wireless/vendor/laravel/framework/src/Illuminate/Database/Connection.php(369): PDOStatement->execute(Array)
#1 /home/vdanh/Dropbox/http/wireless/vendor/laravel/framework/src/Illuminate/Database/Connection.php(617): Illuminate\Database\Connection->Illuminate\Database\{closure}(Object(Illuminate\Database\MySqlConnection), 'alter table `us...', Array)
#2 /home/vdanh/Dropbox/http/wireless/vendor/laravel/framework/src/Illuminate/Database/Connection.php(581): Illuminate\Database\Connection->runQueryCallback('alter table `us...', Array, Object(Closure))
#3 /home/vdanh/Dropbox/http/wireless/vendor/laravel/framework/src/Illuminate/Database/Connection.php(370): Illuminate\Database\Connection->run('alter table `us...', Array, Object(Closure))
#4 /home/vdanh/Dropbox/http/wireless/vendor/laravel/framework/src/Illuminate/Database/Schema/Blueprint.php(63): Illuminate\Database\Connection->statement('alter table `us...')
#5 /home/vdanh/Dropbox/http/wireless/vendor/laravel/framework/src/Illuminate/Database/Schema/Builder.php(169): Illuminate\Database\Schema\Blueprint->build(Object(Illuminate\Database\MySqlConnection), Object(Illuminate\Database\Schema\Grammars\MySqlGrammar))
#6 /home/vdanh/Dropbox/http/wireless/vendor/laravel/framework/src/Illuminate/Database/Schema/Builder.php(94): Illuminate\Database\Schema\Builder->build(Object(Illuminate\Database\Schema\Blueprint))
#7 /home/vdanh/Dropbox/http/wireless/vendor/laravel/framework/src/Illuminate/Support/Facades/Facade.php(211): Illuminate\Database\Schema\Builder->table('users', Object(Closure))
#8 /home/vdanh/Dropbox/http/wireless/app/database/migrations/2014_10_08_101609_create_users_table.php(22): Illuminate\Support\Facades\Facade::__callStatic('table', Array)
#9 /home/vdanh/Dropbox/http/wireless/app/database/migrations/2014_10_08_101609_create_users_table.php(22): Illuminate\Support\Facades\Schema::table('users', Object(Closure))
#10 /home/vdanh/Dropbox/http/wireless/vendor/laravel/framework/src/Illuminate/Database/Migrations/Migrator.php(135): CreateUsersTable->up()
#11 /home/vdanh/Dropbox/http/wireless/vendor/laravel/framework/src/Illuminate/Database/Migrations/Migrator.php(111): Illuminate\Database\Migrations\Migrator->runUp('2014_10_08_1016...', 1, false)
#12 /home/vdanh/Dropbox/http/wireless/vendor/laravel/framework/src/Illuminate/Database/Migrations/Migrator.php(82): Illuminate\Database\Migrations\Migrator->runMigrationList(Array, false)
#13 /home/vdanh/Dropbox/http/wireless/vendor/laravel/framework/src/Illuminate/Database/Console/Migrations/MigrateCommand.php(70): Illuminate\Database\Migrations\Migrator->run('/home/vdanh/Dro...', false)
#14 /home/vdanh/Dropbox/http/wireless/vendor/laravel/framework/src/Illuminate/Console/Command.php(112): Illuminate\Database\Console\Migrations\MigrateCommand->fire()
#15 /home/vdanh/Dropbox/http/wireless/vendor/symfony/console/Symfony/Component/Console/Command/Command.php(252): Illuminate\Console\Command->execute(Object(Symfony\Component\Console\Input\ArgvInput), Object(Symfony\Component\Console\Output\ConsoleOutput))
#16 /home/vdanh/Dropbox/http/wireless/vendor/laravel/framework/src/Illuminate/Console/Command.php(100): Symfony\Component\Console\Command\Command->run(Object(Symfony\Component\Console\Input\ArgvInput), Object(Symfony\Component\Console\Output\ConsoleOutput))
#17 /home/vdanh/Dropbox/http/wireless/vendor/symfony/console/Symfony/Component/Console/Application.php(889): Illuminate\Console\Command->run(Object(Symfony\Component\Console\Input\ArgvInput), Object(Symfony\Component\Console\Output\ConsoleOutput))
#18 /home/vdanh/Dropbox/http/wireless/vendor/symfony/console/Symfony/Component/Console/Application.php(193): Symfony\Component\Console\Application->doRunCommand(Object(Illuminate\Database\Console\Migrations\MigrateCommand), Object(Symfony\Component\Console\Input\ArgvInput), Object(Symfony\Component\Console\Output\ConsoleOutput))
#19 /home/vdanh/Dropbox/http/wireless/vendor/symfony/console/Symfony/Component/Console/Application.php(124): Symfony\Component\Console\Application->doRun(Object(Symfony\Component\Console\Input\ArgvInput), Object(Symfony\Component\Console\Output\ConsoleOutput))
#20 /home/vdanh/Dropbox/http/wireless/artisan(59): Symfony\Component\Console\Application->run()
#21 {main}

Next exception 'Illuminate\Database\QueryException' with message 'SQLSTATE[42S02]: Base table or view not found: 1146 Table 'wireless.users' doesn't exist (SQL: alter table `users` add `id` int unsigned not null auto_increment primary key, add `username` varchar(255) not null, add `name` varchar(255) not null, add `password` varchar(255) not null, add `created_at` timestamp default 0 not null, add `updated_at` timestamp default 0 not null)' in /home/vdanh/Dropbox/http/wireless/vendor/laravel/framework/src/Illuminate/Database/Connection.php:625
Stack trace:
#0 /home/vdanh/Dropbox/http/wireless/vendor/laravel/framework/src/Illuminate/Database/Connection.php(581): Illuminate\Database\Connection->runQueryCallback('alter table `us...', Array, Object(Closure))
#1 /home/vdanh/Dropbox/http/wireless/vendor/laravel/framework/src/Illuminate/Database/Connection.php(370): Illuminate\Database\Connection->run('alter table `us...', Array, Object(Closure))
#2 /home/vdanh/Dropbox/http/wireless/vendor/laravel/framework/src/Illuminate/Database/Schema/Blueprint.php(63): Illuminate\Database\Connection->statement('alter table `us...')
#3 /home/vdanh/Dropbox/http/wireless/vendor/laravel/framework/src/Illuminate/Database/Schema/Builder.php(169): Illuminate\Database\Schema\Blueprint->build(Object(Illuminate\Database\MySqlConnection), Object(Illuminate\Database\Schema\Grammars\MySqlGrammar))
#4 /home/vdanh/Dropbox/http/wireless/vendor/laravel/framework/src/Illuminate/Database/Schema/Builder.php(94): Illuminate\Database\Schema\Builder->build(Object(Illuminate\Database\Schema\Blueprint))
#5 /home/vdanh/Dropbox/http/wireless/vendor/laravel/framework/src/Illuminate/Support/Facades/Facade.php(211): Illuminate\Database\Schema\Builder->table('users', Object(Closure))
#6 /home/vdanh/Dropbox/http/wireless/app/database/migrations/2014_10_08_101609_create_users_table.php(22): Illuminate\Support\Facades\Facade::__callStatic('table', Array)
#7 /home/vdanh/Dropbox/http/wireless/app/database/migrations/2014_10_08_101609_create_users_table.php(22): Illuminate\Support\Facades\Schema::table('users', Object(Closure))
#8 /home/vdanh/Dropbox/http/wireless/vendor/laravel/framework/src/Illuminate/Database/Migrations/Migrator.php(135): CreateUsersTable->up()
#9 /home/vdanh/Dropbox/http/wireless/vendor/laravel/framework/src/Illuminate/Database/Migrations/Migrator.php(111): Illuminate\Database\Migrations\Migrator->runUp('2014_10_08_1016...', 1, false)
#10 /home/vdanh/Dropbox/http/wireless/vendor/laravel/framework/src/Illuminate/Database/Migrations/Migrator.php(82): Illuminate\Database\Migrations\Migrator->runMigrationList(Array, false)
#11 /home/vdanh/Dropbox/http/wireless/vendor/laravel/framework/src/Illuminate/Database/Console/Migrations/MigrateCommand.php(70): Illuminate\Database\Migrations\Migrator->run('/home/vdanh/Dro...', false)
#12 /home/vdanh/Dropbox/http/wireless/vendor/laravel/framework/src/Illuminate/Console/Command.php(112): Illuminate\Database\Console\Migrations\MigrateCommand->fire()
#13 /home/vdanh/Dropbox/http/wireless/vendor/symfony/console/Symfony/Component/Console/Command/Command.php(252): Illuminate\Console\Command->execute(Object(Symfony\Component\Console\Input\ArgvInput), Object(Symfony\Component\Console\Output\ConsoleOutput))
#14 /home/vdanh/Dropbox/http/wireless/vendor/laravel/framework/src/Illuminate/Console/Command.php(100): Symfony\Component\Console\Command\Command->run(Object(Symfony\Component\Console\Input\ArgvInput), Object(Symfony\Component\Console\Output\ConsoleOutput))
#15 /home/vdanh/Dropbox/http/wireless/vendor/symfony/console/Symfony/Component/Console/Application.php(889): Illuminate\Console\Command->run(Object(Symfony\Component\Console\Input\ArgvInput), Object(Symfony\Component\Console\Output\ConsoleOutput))
#16 /home/vdanh/Dropbox/http/wireless/vendor/symfony/console/Symfony/Component/Console/Application.php(193): Symfony\Component\Console\Application->doRunCommand(Object(Illuminate\Database\Console\Migrations\MigrateCommand), Object(Symfony\Component\Console\Input\ArgvInput), Object(Symfony\Component\Console\Output\ConsoleOutput))
#17 /home/vdanh/Dropbox/http/wireless/vendor/symfony/console/Symfony/Component/Console/Application.php(124): Symfony\Component\Console\Application->doRun(Object(Symfony\Component\Console\Input\ArgvInput), Object(Symfony\Component\Console\Output\ConsoleOutput))
#18 /home/vdanh/Dropbox/http/wireless/artisan(59): Symfony\Component\Console\Application->run()
#19 {main} [] []
[2014-10-08 10:36:07] production.ERROR: exception 'PDOException' with message 'SQLSTATE[42S02]: Base table or view not found: 1146 Table 'wireless.users' doesn't exist' in /home/vdanh/Dropbox/http/wireless/vendor/laravel/framework/src/Illuminate/Database/Connection.php:369
Stack trace:
#0 /home/vdanh/Dropbox/http/wireless/vendor/laravel/framework/src/Illuminate/Database/Connection.php(369): PDOStatement->execute(Array)
#1 /home/vdanh/Dropbox/http/wireless/vendor/laravel/framework/src/Illuminate/Database/Connection.php(617): Illuminate\Database\Connection->Illuminate\Database\{closure}(Object(Illuminate\Database\MySqlConnection), 'alter table `us...', Array)
#2 /home/vdanh/Dropbox/http/wireless/vendor/laravel/framework/src/Illuminate/Database/Connection.php(581): Illuminate\Database\Connection->runQueryCallback('alter table `us...', Array, Object(Closure))
#3 /home/vdanh/Dropbox/http/wireless/vendor/laravel/framework/src/Illuminate/Database/Connection.php(370): Illuminate\Database\Connection->run('alter table `us...', Array, Object(Closure))
#4 /home/vdanh/Dropbox/http/wireless/vendor/laravel/framework/src/Illuminate/Database/Schema/Blueprint.php(63): Illuminate\Database\Connection->statement('alter table `us...')
#5 /home/vdanh/Dropbox/http/wireless/vendor/laravel/framework/src/Illuminate/Database/Schema/Builder.php(169): Illuminate\Database\Schema\Blueprint->build(Object(Illuminate\Database\MySqlConnection), Object(Illuminate\Database\Schema\Grammars\MySqlGrammar))
#6 /home/vdanh/Dropbox/http/wireless/vendor/laravel/framework/src/Illuminate/Database/Schema/Builder.php(94): Illuminate\Database\Schema\Builder->build(Object(Illuminate\Database\Schema\Blueprint))
#7 /home/vdanh/Dropbox/http/wireless/vendor/laravel/framework/src/Illuminate/Support/Facades/Facade.php(211): Illuminate\Database\Schema\Builder->table('users', Object(Closure))
#8 /home/vdanh/Dropbox/http/wireless/app/database/migrations/2014_10_08_101609_create_users_table.php(22): Illuminate\Support\Facades\Facade::__callStatic('table', Array)
#9 /home/vdanh/Dropbox/http/wireless/app/database/migrations/2014_10_08_101609_create_users_table.php(22): Illuminate\Support\Facades\Schema::table('users', Object(Closure))
#10 /home/vdanh/Dropbox/http/wireless/vendor/laravel/framework/src/Illuminate/Database/Migrations/Migrator.php(135): CreateUsersTable->up()
#11 /home/vdanh/Dropbox/http/wireless/vendor/laravel/framework/src/Illuminate/Database/Migrations/Migrator.php(111): Illuminate\Database\Migrations\Migrator->runUp('2014_10_08_1016...', 1, false)
#12 /home/vdanh/Dropbox/http/wireless/vendor/laravel/framework/src/Illuminate/Database/Migrations/Migrator.php(82): Illuminate\Database\Migrations\Migrator->runMigrationList(Array, false)
#13 /home/vdanh/Dropbox/http/wireless/vendor/laravel/framework/src/Illuminate/Database/Console/Migrations/MigrateCommand.php(70): Illuminate\Database\Migrations\Migrator->run('/home/vdanh/Dro...', false)
#14 /home/vdanh/Dropbox/http/wireless/vendor/laravel/framework/src/Illuminate/Console/Command.php(112): Illuminate\Database\Console\Migrations\MigrateCommand->fire()
#15 /home/vdanh/Dropbox/http/wireless/vendor/symfony/console/Symfony/Component/Console/Command/Command.php(252): Illuminate\Console\Command->execute(Object(Symfony\Component\Console\Input\ArgvInput), Object(Symfony\Component\Console\Output\ConsoleOutput))
#16 /home/vdanh/Dropbox/http/wireless/vendor/laravel/framework/src/Illuminate/Console/Command.php(100): Symfony\Component\Console\Command\Command->run(Object(Symfony\Component\Console\Input\ArgvInput), Object(Symfony\Component\Console\Output\ConsoleOutput))
#17 /home/vdanh/Dropbox/http/wireless/vendor/symfony/console/Symfony/Component/Console/Application.php(889): Illuminate\Console\Command->run(Object(Symfony\Component\Console\Input\ArgvInput), Object(Symfony\Component\Console\Output\ConsoleOutput))
#18 /home/vdanh/Dropbox/http/wireless/vendor/symfony/console/Symfony/Component/Console/Application.php(193): Symfony\Component\Console\Application->doRunCommand(Object(Illuminate\Database\Console\Migrations\MigrateCommand), Object(Symfony\Component\Console\Input\ArgvInput), Object(Symfony\Component\Console\Output\ConsoleOutput))
#19 /home/vdanh/Dropbox/http/wireless/vendor/symfony/console/Symfony/Component/Console/Application.php(124): Symfony\Component\Console\Application->doRun(Object(Symfony\Component\Console\Input\ArgvInput), Object(Symfony\Component\Console\Output\ConsoleOutput))
#20 /home/vdanh/Dropbox/http/wireless/artisan(59): Symfony\Component\Console\Application->run()
#21 {main}

Next exception 'Illuminate\Database\QueryException' with message 'SQLSTATE[42S02]: Base table or view not found: 1146 Table 'wireless.users' doesn't exist (SQL: alter table `users` add `id` int unsigned not null auto_increment primary key, add `username` varchar(255) not null, add `name` varchar(255) not null, add `password` varchar(255) not null, add `created_at` timestamp default 0 not null, add `updated_at` timestamp default 0 not null)' in /home/vdanh/Dropbox/http/wireless/vendor/laravel/framework/src/Illuminate/Database/Connection.php:625
Stack trace:
#0 /home/vdanh/Dropbox/http/wireless/vendor/laravel/framework/src/Illuminate/Database/Connection.php(581): Illuminate\Database\Connection->runQueryCallback('alter table `us...', Array, Object(Closure))
#1 /home/vdanh/Dropbox/http/wireless/vendor/laravel/framework/src/Illuminate/Database/Connection.php(370): Illuminate\Database\Connection->run('alter table `us...', Array, Object(Closure))
#2 /home/vdanh/Dropbox/http/wireless/vendor/laravel/framework/src/Illuminate/Database/Schema/Blueprint.php(63): Illuminate\Database\Connection->statement('alter table `us...')
#3 /home/vdanh/Dropbox/http/wireless/vendor/laravel/framework/src/Illuminate/Database/Schema/Builder.php(169): Illuminate\Database\Schema\Blueprint->build(Object(Illuminate\Database\MySqlConnection), Object(Illuminate\Database\Schema\Grammars\MySqlGrammar))
#4 /home/vdanh/Dropbox/http/wireless/vendor/laravel/framework/src/Illuminate/Database/Schema/Builder.php(94): Illuminate\Database\Schema\Builder->build(Object(Illuminate\Database\Schema\Blueprint))
#5 /home/vdanh/Dropbox/http/wireless/vendor/laravel/framework/src/Illuminate/Support/Facades/Facade.php(211): Illuminate\Database\Schema\Builder->table('users', Object(Closure))
#6 /home/vdanh/Dropbox/http/wireless/app/database/migrations/2014_10_08_101609_create_users_table.php(22): Illuminate\Support\Facades\Facade::__callStatic('table', Array)
#7 /home/vdanh/Dropbox/http/wireless/app/database/migrations/2014_10_08_101609_create_users_table.php(22): Illuminate\Support\Facades\Schema::table('users', Object(Closure))
#8 /home/vdanh/Dropbox/http/wireless/vendor/laravel/framework/src/Illuminate/Database/Migrations/Migrator.php(135): CreateUsersTable->up()
#9 /home/vdanh/Dropbox/http/wireless/vendor/laravel/framework/src/Illuminate/Database/Migrations/Migrator.php(111): Illuminate\Database\Migrations\Migrator->runUp('2014_10_08_1016...', 1, false)
#10 /home/vdanh/Dropbox/http/wireless/vendor/laravel/framework/src/Illuminate/Database/Migrations/Migrator.php(82): Illuminate\Database\Migrations\Migrator->runMigrationList(Array, false)
#11 /home/vdanh/Dropbox/http/wireless/vendor/laravel/framework/src/Illuminate/Database/Console/Migrations/MigrateCommand.php(70): Illuminate\Database\Migrations\Migrator->run('/home/vdanh/Dro...', false)
#12 /home/vdanh/Dropbox/http/wireless/vendor/laravel/framework/src/Illuminate/Console/Command.php(112): Illuminate\Database\Console\Migrations\MigrateCommand->fire()
#13 /home/vdanh/Dropbox/http/wireless/vendor/symfony/console/Symfony/Component/Console/Command/Command.php(252): Illuminate\Console\Command->execute(Object(Symfony\Component\Console\Input\ArgvInput), Object(Symfony\Component\Console\Output\ConsoleOutput))
#14 /home/vdanh/Dropbox/http/wireless/vendor/laravel/framework/src/Illuminate/Console/Command.php(100): Symfony\Component\Console\Command\Command->run(Object(Symfony\Component\Console\Input\ArgvInput), Object(Symfony\Component\Console\Output\ConsoleOutput))
#15 /home/vdanh/Dropbox/http/wireless/vendor/symfony/console/Symfony/Component/Console/Application.php(889): Illuminate\Console\Command->run(Object(Symfony\Component\Console\Input\ArgvInput), Object(Symfony\Component\Console\Output\ConsoleOutput))
#16 /home/vdanh/Dropbox/http/wireless/vendor/symfony/console/Symfony/Component/Console/Application.php(193): Symfony\Component\Console\Application->doRunCommand(Object(Illuminate\Database\Console\Migrations\MigrateCommand), Object(Symfony\Component\Console\Input\ArgvInput), Object(Symfony\Component\Console\Output\ConsoleOutput))
#17 /home/vdanh/Dropbox/http/wireless/vendor/symfony/console/Symfony/Component/Console/Application.php(124): Symfony\Component\Console\Application->doRun(Object(Symfony\Component\Console\Input\ArgvInput), Object(Symfony\Component\Console\Output\ConsoleOutput))
#18 /home/vdanh/Dropbox/http/wireless/artisan(59): Symfony\Component\Console\Application->run()
#19 {main} [] []
[2014-10-08 10:37:51] production.ERROR: exception 'Symfony\Component\Debug\Exception\FatalErrorException' with message 'Call to undefined function table()' in /home/vdanh/Dropbox/http/wireless/app/database/seeds/UserTableSeeder.php:5
Stack trace:
#0 [internal function]: Illuminate\Exception\Handler->handleShutdown()
#1 {main} [] []
